<?xml version="1.0" encoding="UTF-8"?>
<testsuite xmlns:xsi="http://www.w3.org/2001/XMLSchema-instance" xsi:noNamespaceSchemaLocation="https://maven.apache.org/surefire/maven-surefire-plugin/xsd/surefire-test-report-3.0.xsd" version="3.0" name="br.com.letscode.raminelli.calculadora.Testes" time="0.291" tests="6" errors="0" skipped="0" failures="0">
  <properties>
[...]
</properties>
  <testcase name="testeSomar" classname="br.com.letscode.raminelli.calculadora.Testes" time="0.138"/>
  <testcase name="testeSubtrair" classname="br.com.letscode.raminelli.calculadora.Testes" time="0.009"/>
  <testcase name="testeMultiplicar" classname="br.com.letscode.raminelli.calculadora.Testes" time="0.003"/>
  <testcase name="testeDividirErroDivisaoPorZero" classname="br.com.letscode.raminelli.calculadora.Testes" time="0.003">
    <system-out><![CDATA[Valor2 nao pode ser zero
]]></system-out>
  </testcase>
  <testcase name="testeDividir" classname="br.com.letscode.raminelli.calculadora.Testes" time="0.002"/>
  <testcase name="testeDividirErroDivisaoPorZero2" classname="br.com.letscode.raminelli.calculadora.Testes" time="0.009"/>
</testsuite>